2026-02-28 11:02:56,903 - INFO - Iniciando extracción para 5 ciudades...
2026-02-28 11:16:37,943 - INFO - Iniciando extracción para 5 ciudades...
2026-02-28 11:16:38,863 - INFO -  Datos extraídos para Bogota
2026-02-28 11:16:39,430 - ERROR -  Error extrayendo datos para Medellin: 429 Client Error: Too Many Requests for url: https://api.weatherstack.com/current?access_key=fe9a21a1da38e371b8651757bfd98dab&query=Medellin
2026-02-28 11:16:40,301 - INFO -  Datos extraídos para Cali
2026-02-28 11:16:41,044 - INFO -  Datos extraídos para Barranquilla
2026-02-28 11:16:41,999 - INFO -  Datos extraídos para Cartagena
2026-02-28 11:16:42,009 - INFO -  Datos guardados en data/clima_raw.json
2026-02-28 11:16:42,023 - INFO -  Datos guardados en data/clima.csv
2026-02-28 11:20:40,601 - INFO - Iniciando extracción para 5 ciudades...
2026-02-28 11:20:41,318 - INFO -  Datos extraídos para Bogota
2026-02-28 11:20:43,179 - INFO -  Datos extraídos para Medellin
2026-02-28 11:20:44,834 - INFO -  Datos extraídos para Cali
2026-02-28 11:20:46,456 - INFO -  Datos extraídos para Barranquilla
2026-02-28 11:20:48,068 - INFO -  Datos extraídos para Cartagena
2026-02-28 11:20:49,076 - INFO -  Datos guardados en data/clima_raw.json
2026-02-28 11:20:49,093 - INFO -  Datos guardados en data/clima.csv
2026-02-28 11:40:13,622 - INFO - Iniciando extracción para 5 ciudades...
2026-02-28 11:40:14,750 - INFO -  Datos extraídos para Bogota
2026-02-28 11:40:16,798 - INFO -  Datos extraídos para Medellin
2026-02-28 11:40:18,899 - INFO -  Datos extraídos para Cali
2026-02-28 11:40:20,861 - INFO -  Datos extraídos para Barranquilla
2026-02-28 11:40:22,938 - INFO -  Datos extraídos para Cartagena
2026-02-28 11:40:23,947 - INFO -  Datos guardados en data/clima_raw.json
2026-02-28 11:40:23,969 - INFO -  Datos guardados en data/clima.csv
<<<<<<< HEAD
2026-03-01 20:36:56,790 - INFO - Iniciando extracción para 5 ciudades...
2026-03-01 20:36:58,680 - INFO -  Datos extraídos para Bogota
2026-03-01 20:37:01,059 - INFO -  Datos extraídos para Medellin
2026-03-01 20:37:03,978 - INFO -  Datos extraídos para Cali
2026-03-01 20:37:06,234 - INFO -  Datos extraídos para Barranquilla
2026-03-01 20:37:08,821 - INFO -  Datos extraídos para Cartagena
2026-03-01 20:37:09,830 - INFO -  Datos guardados en data/clima_raw.json
2026-03-01 20:37:09,908 - INFO -  Datos guardados en data/clima.csv
2026-03-01 21:30:08,769 - INFO - Iniciando extracción para 5 ciudades...
2026-03-01 21:30:09,990 - INFO -  Datos extraídos para Bogota
2026-03-01 21:30:12,335 - INFO -  Datos extraídos para Medellin
2026-03-01 21:30:14,653 - INFO -  Datos extraídos para Cali
2026-03-01 21:30:16,995 - INFO -  Datos extraídos para Barranquilla
2026-03-01 21:30:19,069 - INFO -  Datos extraídos para Cartagena
2026-03-01 21:31:20,077 - INFO - Iniciando extracción para 5 ciudades...
2026-03-01 21:31:20,786 - INFO -  Datos extraídos para Bogota
2026-03-01 21:31:22,494 - INFO -  Datos extraídos para Medellin
2026-03-01 21:31:24,160 - INFO -  Datos extraídos para Cali
2026-03-01 21:31:25,860 - INFO -  Datos extraídos para Barranquilla
2026-03-01 21:31:27,532 - INFO -  Datos extraídos para Cartagena
2026-03-01 21:32:28,538 - INFO - Iniciando extracción para 5 ciudades...
2026-03-01 21:32:29,269 - INFO -  Datos extraídos para Bogota
2026-03-01 21:32:30,891 - INFO -  Datos extraídos para Medellin
2026-03-01 21:32:32,531 - INFO -  Datos extraídos para Cali
2026-03-01 21:32:34,252 - INFO -  Datos extraídos para Barranquilla
2026-03-01 21:32:36,045 - INFO -  Datos extraídos para Cartagena
2026-03-01 21:33:37,052 - INFO - Iniciando extracción para 5 ciudades...
2026-03-01 21:33:37,778 - INFO -  Datos extraídos para Bogota
2026-03-01 21:33:39,412 - INFO -  Datos extraídos para Medellin
2026-03-01 21:33:41,090 - INFO -  Datos extraídos para Cali
2026-03-01 21:33:42,780 - INFO -  Datos extraídos para Barranquilla
2026-03-01 21:33:44,486 - INFO -  Datos extraídos para Cartagena
2026-03-01 21:34:45,492 - INFO - Iniciando extracción para 5 ciudades...
2026-03-01 21:34:46,374 - INFO -  Datos extraídos para Bogota
2026-03-01 21:34:48,011 - INFO -  Datos extraídos para Medellin
2026-03-01 21:34:49,640 - INFO -  Datos extraídos para Cali
2026-03-01 21:34:51,346 - INFO -  Datos extraídos para Barranquilla
2026-03-01 21:34:53,016 - INFO -  Datos extraídos para Cartagena
2026-03-01 21:35:54,024 - INFO - Iniciando extracción para 5 ciudades...
2026-03-01 21:35:55,265 - INFO -  Datos extraídos para Bogota
2026-03-01 21:35:57,468 - INFO -  Datos extraídos para Medellin
2026-03-01 21:35:59,764 - INFO -  Datos extraídos para Cali
2026-03-01 21:36:02,016 - INFO -  Datos extraídos para Barranquilla
2026-03-01 21:36:04,214 - INFO -  Datos extraídos para Cartagena
2026-03-06 14:30:27,427 - INFO - Iniciando extracción para 5 ciudades...
2026-03-06 14:30:28,618 - INFO -  Datos extraídos para Bogota
2026-03-06 14:30:30,768 - INFO -  Datos extraídos para Medellin
2026-03-06 14:30:32,850 - INFO -  Datos extraídos para Cali
2026-03-06 14:30:34,888 - INFO -  Datos extraídos para Barranquilla
2026-03-06 14:30:36,854 - INFO -  Datos extraídos para Cartagena
2026-03-06 14:30:37,862 - INFO -  Datos guardados en data/clima_raw.json
2026-03-06 14:30:37,972 - INFO -  Datos guardados en data/clima.csv
2026-03-06 15:51:48,243 - INFO - Iniciando extracción para 5 ciudades...
2026-03-06 15:51:49,533 - INFO -  Datos extraídos para Bogota
2026-03-06 15:51:51,558 - INFO -  Datos extraídos para Medellin
2026-03-06 15:51:53,561 - INFO -  Datos extraídos para Cali
2026-03-06 15:51:55,518 - INFO -  Datos extraídos para Barranquilla
2026-03-06 15:51:57,515 - INFO -  Datos extraídos para Cartagena
2026-03-06 15:51:58,524 - INFO -  Datos guardados en data/clima_raw.json
2026-03-06 15:51:58,568 - INFO -  Datos guardados en data/clima.csv
2026-03-06 16:52:04,347 - INFO - Iniciando extracción para 5 ciudades...
2026-03-06 16:52:05,613 - INFO -  Datos extraídos para Bogota
2026-03-06 16:52:07,778 - INFO -  Datos extraídos para Medellin
2026-03-06 16:52:10,188 - INFO -  Datos extraídos para Cali
2026-03-06 16:52:12,818 - INFO -  Datos extraídos para Barranquilla
2026-03-06 16:52:15,302 - INFO -  Datos extraídos para Cartagena
2026-03-06 16:52:16,310 - INFO -  Datos guardados en data/clima_raw.json
2026-03-06 16:52:16,327 - INFO -  Datos guardados en data/clima.csv
2026-03-06 17:03:25,917 - INFO - Iniciando transformación de datos...
2026-03-06 17:03:25,969 - INFO - Datos transformados correctamente.
2026-03-11 20:31:29,548 - INFO - Iniciando extracción para 5 ciudades...
2026-03-11 20:31:32,039 - INFO -  Datos extraídos para Bogota
2026-03-11 20:31:35,997 - INFO -  Datos extraídos para Medellin
2026-03-11 20:31:40,810 - INFO -  Datos extraídos para Cali
2026-03-11 20:31:48,583 - INFO -  Datos extraídos para Barranquilla
2026-03-11 20:31:51,132 - INFO -  Datos extraídos para Cartagena
2026-03-11 20:36:28,344 - INFO - Iniciando extracción para 5 ciudades...
2026-03-11 20:36:30,084 - INFO -  Datos extraídos para Bogota
2026-03-11 20:36:33,098 - INFO -  Datos extraídos para Medellin
2026-03-11 20:36:35,247 - INFO -  Datos extraídos para Cali
2026-03-11 20:36:43,249 - INFO -  Datos extraídos para Barranquilla
2026-03-11 20:36:46,481 - INFO -  Datos extraídos para Cartagena
2026-03-11 20:37:03,452 - INFO - Iniciando extracción para 5 ciudades...
2026-03-11 20:37:05,330 - INFO -  Datos extraídos para Bogota
2026-03-11 20:37:07,865 - INFO -  Datos extraídos para Medellin
2026-03-11 20:37:10,575 - INFO -  Datos extraídos para Cali
2026-03-11 20:37:13,304 - INFO -  Datos extraídos para Barranquilla
2026-03-11 20:37:15,856 - INFO -  Datos extraídos para Cartagena
2026-03-11 20:42:12,027 - INFO - Iniciando extracción para 5 ciudades...
2026-03-11 20:42:21,595 - INFO -  Datos extraídos para Bogota
2026-03-11 20:42:27,093 - INFO -  Datos extraídos para Medellin
2026-03-11 20:42:33,965 - INFO -  Datos extraídos para Cali
2026-03-11 20:42:36,381 - INFO -  Datos extraídos para Barranquilla
2026-03-11 20:42:38,726 - INFO -  Datos extraídos para Cartagena
2026-03-11 21:13:52,388 - INFO - Iniciando extracción para 5 ciudades...
2026-03-11 21:13:55,152 - INFO -  Datos extraídos para Bogota
2026-03-11 21:13:57,911 - INFO -  Datos extraídos para Medellin
2026-03-11 21:14:00,732 - INFO -  Datos extraídos para Cali
2026-03-11 21:14:03,554 - INFO -  Datos extraídos para Barranquilla
2026-03-11 21:14:06,038 - INFO -  Datos extraídos para Cartagena
2026-03-11 21:28:02,627 - INFO - Iniciando ETL para 5 ciudades...
2026-03-11 21:33:12,070 - INFO - Iniciando ETL para 5 ciudades...
2026-03-11 21:33:14,463 - INFO - Datos extraídos para Bogota
2026-03-11 21:33:14,703 - INFO - Registro guardado para Bogota
2026-03-11 21:33:16,094 - INFO - Datos extraídos para Medellin
2026-03-11 21:33:16,135 - INFO - Registro guardado para Medellin
2026-03-11 21:33:17,577 - INFO - Datos extraídos para Cali
2026-03-11 21:33:17,610 - INFO - Registro guardado para Cali
2026-03-11 21:33:18,842 - INFO - Datos extraídos para Barranquilla
2026-03-11 21:33:18,876 - INFO - Registro guardado para Barranquilla
2026-03-11 21:33:20,923 - INFO - Datos extraídos para Cartagena
2026-03-11 21:33:20,937 - INFO - Registro guardado para Cartagena
2026-03-11 21:33:20,965 - INFO - Metricas guardadas: Extraídos: 5, Guardados: 5, Fallidos: 0
=======
>>>>>>> 241188abc411eb092c9a23228d311ed7b84787b6
